[2025-09-23 21:28:38] Test Alert
TQQQ Bot notification test successful!
--------------------------------------------------
[2025-09-23 21:28:38] 🔔 Trade Alert: BUY TQQQ
BUY 1 shares of TQQQ
Price: $45.67
Total Value: $45.67
Order ID: TEST123
--------------------------------------------------
[2025-09-23 21:44:52] Test Alert
TQQQ Bot notification test successful!
--------------------------------------------------
[2025-09-23 21:44:53] 🔔 Trade Alert: BUY TQQQ
BUY 1 shares of TQQQ
Price: $45.67
Total Value: $45.67
Order ID: TEST123
--------------------------------------------------
[2025-09-23 21:45:03] Test Alert
TQQQ Bot notification test successful!
--------------------------------------------------
[2025-09-23 21:45:03] 🔔 Trade Alert: BUY TQQQ
BUY 1 shares of TQQQ
Price: $45.67
Total Value: $45.67
Order ID: TEST123
--------------------------------------------------
[2025-09-23 21:45:12] Test Alert
TQQQ Bot notification test successful!
--------------------------------------------------
[2025-09-23 21:45:12] 🔔 Trade Alert: BUY TQQQ
BUY 1 shares of TQQQ
Price: $45.67
Total Value: $45.67
Order ID: TEST123
--------------------------------------------------
[2025-09-23 21:45:17] Test Alert
TQQQ Bot notification test successful!
--------------------------------------------------
[2025-09-23 21:45:17] 🔔 Trade Alert: BUY TQQQ
BUY 1 shares of TQQQ
Price: $45.67
Total Value: $45.67
Order ID: TEST123
--------------------------------------------------
[2025-09-23 21:45:26] Test Alert
TQQQ Bot notification test successful!
--------------------------------------------------
[2025-09-23 21:45:26] 🔔 Trade Alert: BUY TQQQ
BUY 1 shares of TQQQ
Price: $45.67
Total Value: $45.67
Order ID: TEST123
--------------------------------------------------
[2025-09-23 21:50:28] Bot Started
TQQQ Trading Bot initialized in PAPER mode
--------------------------------------------------
[2025-09-23 21:50:28] Market Closed
Bot is waiting for market to open
--------------------------------------------------
[2025-09-23 21:50:28] Daily Summary
TQQQ Trading Bot - Daily Summary
Date: 2025-09-23
========================================

Trades Executed: 0

Account Status:
  Buying Power: $199339.67
  Portfolio Value: $100001.44

--------------------------------------------------
