[2025-09-24 21:01:56] Bot Started
TQQQ Trading Bot initialized in PAPER mode
--------------------------------------------------
[2025-09-24 21:01:56] Market Closed
Bot is waiting for market to open
--------------------------------------------------
[2025-09-24 21:01:56] Daily Summary
TQQQ Trading Bot - Daily Summary
Date: 2025-09-24
========================================

Trades Executed: 0

Account Status:
  Buying Power: $199337.56
  Portfolio Value: $99999.33

--------------------------------------------------
[2025-09-24 21:11:31] Bot Started
TQQQ Trading Bot initialized in PAPER mode
--------------------------------------------------
[2025-09-24 21:11:32] Market Closed
Bot is waiting for market to open
--------------------------------------------------
[2025-09-24 21:11:32] Daily Summary
TQQQ Trading Bot - Daily Summary
Date: 2025-09-24
========================================

Trades Executed: 0

Account Status:
  Buying Power: $199337.56
  Portfolio Value: $99999.33

--------------------------------------------------
