2025-09-23 21:50:28,290 - INFO - Connected to Alpaca - Account Status: ACTIVE
2025-09-23 21:50:28,291 - INFO - Buying Power: $199339.67
2025-09-23 21:50:28,291 - INFO - TQQQ Trading Bot initialized - PAPER TRADING MODE
2025-09-23 21:50:28,417 - INFO - Starting TQQQ Trading Bot...
2025-09-23 21:50:28,567 - WARNING - Market is closed. Waiting for market open...
2025-09-23 21:50:28,701 - INFO - Waiting for market open (6:30 AM PDT)...
2025-09-23 21:50:28,701 - WARNING - Target time 6:30 PDT has already passed
2025-09-23 21:50:28,701 - WARNING - Target time 7:00 PDT has already passed
2025-09-23 21:50:28,701 - WARNING - Target time 12:59 PDT has already passed
2025-09-23 21:50:28,701 - INFO - ==================================================
2025-09-23 21:50:28,701 - INFO - DAILY TRADING SUMMARY
2025-09-23 21:50:28,785 - INFO - TQQQ Trading Bot - Daily Summary
Date: 2025-09-23
========================================

Trades Executed: 0

Account Status:
  Buying Power: $199339.67
  Portfolio Value: $100001.44

2025-09-23 21:50:28,899 - INFO - Trading bot completed successfully
2025-09-24 21:01:56,101 - INFO - Connected to Alpaca - Account Status: ACTIVE
2025-09-24 21:01:56,102 - INFO - Buying Power: $199337.56
2025-09-24 21:01:56,102 - INFO - TQQQ Trading Bot initialized - PAPER TRADING MODE
2025-09-24 21:01:56,252 - INFO - Starting TQQQ Trading Bot...
2025-09-24 21:01:56,346 - WARNING - Market is closed. Waiting for market open...
2025-09-24 21:01:56,466 - INFO - Waiting for market open (6:30 AM PDT)...
2025-09-24 21:01:56,466 - WARNING - Target time 6:30 PDT has already passed
2025-09-24 21:01:56,466 - WARNING - Target time 7:00 PDT has already passed
2025-09-24 21:01:56,466 - WARNING - Target time 12:59 PDT has already passed
2025-09-24 21:01:56,466 - INFO - ==================================================
2025-09-24 21:01:56,466 - INFO - DAILY TRADING SUMMARY
2025-09-24 21:01:56,620 - INFO - TQQQ Trading Bot - Daily Summary
Date: 2025-09-24
========================================

Trades Executed: 0

Account Status:
  Buying Power: $199337.56
  Portfolio Value: $99999.33

2025-09-24 21:01:56,750 - INFO - Trading bot completed successfully
2025-09-24 21:11:31,846 - INFO - Connected to Alpaca - Account Status: ACTIVE
2025-09-24 21:11:31,846 - INFO - Buying Power: $199337.56
2025-09-24 21:11:31,847 - INFO - TQQQ Trading Bot initialized - PAPER TRADING MODE
2025-09-24 21:11:31,988 - INFO - Starting TQQQ Trading Bot...
2025-09-24 21:11:32,089 - WARNING - Market is closed. Waiting for market open...
2025-09-24 21:11:32,218 - INFO - Waiting for market open (6:30 AM PDT)...
2025-09-24 21:11:32,218 - WARNING - Target time 6:30 PDT has already passed
2025-09-24 21:11:32,218 - WARNING - Target time 7:00 PDT has already passed
2025-09-24 21:11:32,218 - WARNING - Target time 12:59 PDT has already passed
2025-09-24 21:11:32,219 - INFO - ==================================================
2025-09-24 21:11:32,219 - INFO - DAILY TRADING SUMMARY
2025-09-24 21:11:32,374 - INFO - TQQQ Trading Bot - Daily Summary
Date: 2025-09-24
========================================

Trades Executed: 0

Account Status:
  Buying Power: $199337.56
  Portfolio Value: $99999.33

2025-09-24 21:11:32,504 - INFO - Trading bot completed successfully
